Arguments: 
  C:\nvm\node.exe C:\Users\luca\AppData\Roaming\npm\node_modules\yarn\bin\yarn.js install

PATH: 
  C:\Users\luca\bin;C:\Program Files\Git\mingw64\bin;C:\Program Files\Git\usr\local\bin;C:\Program Files\Git\usr\bin;C:\Program Files\Git\usr\bin;C:\Program Files\Git\mingw64\bin;C:\Program Files\Git\usr\bin;C:\Users\luca\bin;C:\Program Files\Common Files\Oracle\Java\javapath;C:\Program Files\Eclipse Adoptium\jdk-11.0.15.10-hotspot\bin;C:\WINDOWS\system32;C:\WINDOWS;C:\WINDOWS\System32\Wbem;C:\WINDOWS\System32\WindowsPowerShell\v1.0;C:\WINDOWS\System32\OpenSSH;C:\Program Files\Git\cmd;C:\Users\luca\AppData\Roaming\nvm;C:\nvm;C:\Program Files\OpenVPN\bin;C:\Program Files\dotnet;C:\Users\luca\AppData\Local\Microsoft\WindowsApps;D:\softapk\Microsoft VS Code\bin;C:\Users\luca\AppData\Roaming\nvm;C:\nvm;C:\Users\luca\AppData\Roaming\npm;C:\Program Files\Eclipse Adoptium\jdk-11.0.15.10-hotspot\bin;D:\softapk\FlutterSDK\flutter\bin;D:\java\IntelliJ IDEA 2021.3.2\bin;C:\Users\luca\.dotnet\tools;C:\Program Files\Git\usr\bin\vendor_perl;C:\Program Files\Git\usr\bin\core_perl

Yarn version: 
  1.22.17

Node version: 
  16.9.0

Platform: 
  win32 x64

Trace: 
  Error: connect ETIMEDOUT 104.16.26.35:443
      at TCPConnectWrap.afterConnect [as oncomplete] (node:net:1146:16)

npm manifest: 
  {
    "version": "0.0.0",
    "scripts": {
      "dev": "vite",
      "build": "vue-tsc --noEmit && vite build",
      "serve": "vite preview"
    },
    "dependencies": {
      "@supabase/supabase-js": "^2.0.1",
      "@vueuse/core": "^6.8.0",
      "unique-names-generator": "^4.5.0",
      "vue": "^3.2.20"
    },
    "devDependencies": {
      "@iconify/json": "^1.1.355",
      "@vitejs/plugin-vue": "^1.9.3",
      "@vue/compiler-sfc": "^3.2.20",
      "typescript": "^4.3.2",
      "vite": "^2.6.7",
      "vite-plugin-components": "^0.11.1",
      "vite-plugin-icons": "^0.6.2",
      "vite-plugin-windicss": "^1.0.3",
      "vue-tsc": "^0.28.6",
      "windicss": "^3.1.9"
    }
  }

yarn manifest: 
  No manifest

Lockfile: 
  # THIS IS AN AUTOGENERATED FILE. DO NOT EDIT THIS FILE DIRECTLY.
  # yarn lockfile v1
  
  
  "@antfu/utils@^0.1.6":
    "integrity" "sha512-XbmXbhrjfxQq+ishOKeUIK1VYxQV0B+ZkAQkz00bxhmQd5izdT0YRSDwkyH/KX46gFVBMd+6anvSDlciUt3L4A=="
    "resolved" "https://registry.npmjs.org/@antfu/utils/-/utils-0.1.7.tgz"
    "version" "0.1.7"
  
  "@babel/helper-validator-identifier@^7.14.9":
    "integrity" "sha512-pQYxPY0UP6IHISRitNe8bsijHex4TWZXi2HwKVsjPiltzlhse2znVcm9Ace510VT1kxIHjGJCZZQBX2gJDbo0g=="
    "resolved" "https://registry.npmjs.org/@babel/helper-validator-identifier/-/helper-validator-identifier-7.14.9.tgz"
    "version" "7.14.9"
  
  "@babel/parser@^7.15.0", "@babel/parser@^7.6.0", "@babel/parser@^7.9.6":
    "integrity" "sha512-S/TSCcsRuCkmpUuoWijua0Snt+f3ewU/8spLo+4AXJCZfT0bVCzLD5MuOKdrx0mlAptbKzn5AdgEIIKXxXkz9Q=="
    "resolved" "https://registry.npmjs.org/@babel/parser/-/parser-7.15.6.tgz"
    "version" "7.15.6"
  
  "@babel/types@^7.6.1", "@babel/types@^7.9.6":
    "integrity" "sha512-BPU+7QhqNjmWyDO0/vitH/CuhpV8ZmK1wpKva8nuyNF5MJfuRNWMc+hc14+u9xT93kvykMdncrJT19h74uB1Ig=="
    "resolved" "https://registry.npmjs.org/@babel/types/-/types-7.15.6.tgz"
    "version" "7.15.6"
    dependencies:
      "@babel/helper-validator-identifier" "^7.14.9"
      "to-fast-properties" "^2.0.0"
  
  "@emmetio/abbreviation@^2.2.2":
    "integrity" "sha512-TtE/dBnkTCct8+LntkqVrwqQao6EnPAs1YN3cUgxOxTaBlesBCY37ROUAVZrRlG64GNnVShdl/b70RfAI3w5lw=="
    "resolved" "https://registry.npmjs.org/@emmetio/abbreviation/-/abbreviation-2.2.2.tgz"
    "version" "2.2.2"
    dependencies:
      "@emmetio/scanner" "^1.0.0"
  
  "@emmetio/css-abbreviation@^2.1.4":
    "integrity" "sha512-qk9L60Y+uRtM5CPbB0y+QNl/1XKE09mSO+AhhSauIfr2YOx/ta3NJw2d8RtCFxgzHeRqFRr8jgyzThbu+MZ4Uw=="
    "resolved" "https://registry.npmjs.org/@emmetio/css-abbreviation/-/css-abbreviation-2.1.4.tgz"
    "version" "2.1.4"
    dependencies:
      "@emmetio/scanner" "^1.0.0"
  
  "@emmetio/scanner@^1.0.0":
    "integrity" "sha512-8HqW8EVqjnCmWXVpqAOZf+EGESdkR27odcMMMGefgKXtar00SoYNSryGv//TELI4T3QFsECo78p+0lmalk/CFA=="
    "resolved" "https://registry.npmjs.org/@emmetio/scanner/-/scanner-1.0.0.tgz"
    "version" "1.0.0"
  
  "@iconify/json-tools@^1.0.10":
    "integrity" "sha512-LFelJDOLZ6JHlmlAkgrvmcu4hpNPB91KYcr4f60D/exzU1eNOb4/KCVHIydGHIQFaOacIOD+Xy+B7P1z812cZg=="
    "resolved" "https://registry.npmjs.org/@iconify/json-tools/-/json-tools-1.0.10.tgz"
    "version" "1.0.10"
  
  "@iconify/json@*", "@iconify/json@^1.1.355":
    "integrity" "sha512-xHhdtI/YH8fFF/IG6YYs28Hi1SRr4ZzqRoi09wds7iX4cBvdP6RqnUxaxgiksSFSEAqF+8sZrhLDo3hkAT5v2w=="
    "resolved" "https://registry.npmjs.org/@iconify/json/-/json-1.1.355.tgz"
    "version" "1.1.355"
  
  "@nodelib/fs.scandir@2.1.5":
    "integrity" "sha512-vq24Bq3ym5HEQm2NKCr3yXDwjc7vTsEThRDnkp2DK9p1uqLR+DHurm/NOTo0KG7HYHU7eppKZj3MyqYuMBf62g=="
    "resolved" "https://registry.npmjs.org/@nodelib/fs.scandir/-/fs.scandir-2.1.5.tgz"
    "version" "2.1.5"
    dependencies:
      "@nodelib/fs.stat" "2.0.5"
      "run-parallel" "^1.1.9"
  
  "@nodelib/fs.stat@^2.0.2", "@nodelib/fs.stat@2.0.5":
    "integrity" "sha512-RkhPPp2zrqDAQA/2jNhnztcPAlv64XdhIp7a7454A5ovI7Bukxgt7MX7udwAu3zg1DcpPU0rz3VV1SeaqvY4+A=="
    "resolved" "https://registry.npmjs.org/@nodelib/fs.stat/-/fs.stat-2.0.5.tgz"
    "version" "2.0.5"
  
  "@nodelib/fs.walk@^1.2.3":
    "integrity" "sha512-BTIhocbPBSrRmHxOAJFtR18oLhxTtAFDAvL8hY1S3iU8k+E60W/YFs4jrixGzQjMpF4qPXxIQHcjVD9dz1C2QA=="
    "resolved" "https://registry.npmjs.org/@nodelib/fs.walk/-/fs.walk-1.2.7.tgz"
    "version" "1.2.7"
    dependencies:
      "@nodelib/fs.scandir" "2.1.5"
      "fastq" "^1.6.0"
  
  "@supabase/gotrue-js@^1.18.0":
    "integrity" "sha512-kGKy6EkMwait89yUYQF7umUDCeOsnNZD/rrfRTDH5jVDwuudvrF/5Dw0mBMHh8lQdZDFaF6Q8bVHlD3vXguGdw=="
    "resolved" "https://registry.npmjs.org/@supabase/gotrue-js/-/gotrue-js-1.18.0.tgz"
    "version" "1.18.0"
    dependencies:
      "cross-fetch" "^3.0.6"
  
  "@supabase/postgrest-js@^0.34.0":
    "integrity" "sha512-64RQhBpwZDXOpPRCHqrCrlVcyPWE/p4nH6/ALnJCvTkQHkyzXNPDoTlX6OjbuyMH9/BNvgVhEZth0e6hfpWDXw=="
    "resolved" "https://registry.npmjs.org/@supabase/postgrest-js/-/postgrest-js-0.34.1.tgz"
    "version" "0.34.1"
    dependencies:
      "cross-fetch" "^3.0.6"
  
  "@supabase/realtime-js@^1.1.3":
    "integrity" "sha512-zVquwxiv8xnjrh3n/WWbdsv6L39sq5vFBrlkKcRaJ/m9iT5HdLfa2hvCwmp0eaeExvDoJnaQ0u/gPBmTrq4xqw=="
    "resolved" "https://registry.npmjs.org/@supabase/realtime-js/-/realtime-js-1.1.3.tgz"
    "version" "1.1.3"
    dependencies:
      "@types/websocket" "^1.0.3"
      "websocket" "^1.0.34"
  
  "@supabase/storage-js@^1.4.0":
    "integrity" "sha512-sMhFbuiSPh31m5NPuEZmDVbOLe0QjvkOVXceGk0J1KtApz+3LOXf+BZLNG8Ss9djc8ZkT2HWgu/m8cunJm9Mig=="
    "resolved" "https://registry.npmjs.org/@supabase/storage-js/-/storage-js-1.4.1.tgz"
    "version" "1.4.1"
    dependencies:
      "cross-fetch" "^3.1.0"
  
  "@supabase/supabase-js@^1.24.0":
    "integrity" "sha512-/gM9+mSqmftHF8pzWzb+etQOvVSLT1cDrlvIL6LZSNrlv+ZRij8QAXnX9JGiUh0lNq046ZtrJThxys01P2TJSA=="
    "resolved" "https://registry.npmjs.org/@supabase/supabase-js/-/supabase-js-1.24.0.tgz"
    "version" "1.24.0"
    dependencies:
      "@supabase/gotrue-js" "^1.18.0"
      "@supabase/postgrest-js" "^0.34.0"
      "@supabase/realtime-js" "^1.1.3"
      "@supabase/storage-js" "^1.4.0"
  
  "@types/node@*":
    "integrity" "sha512-zjQ69G564OCIWIOHSXyQEEDpdpGl+G348RAKY0XXy9Z5kU9Vzv1GMNnkar/ZJ8dzXB3COzD9Mo9NtRZ4xfgUww=="
    "resolved" "https://registry.npmjs.org/@types/node/-/node-15.12.2.tgz"
    "version" "15.12.2"
  
  "@types/websocket@^1.0.3":
    "integrity" "sha512-qn1LkcFEKK8RPp459jkjzsfpbsx36BBt3oC3pITYtkoBw/aVX+EZFa5j3ThCRTNpLFvIMr5dSTD4RaMdilIOpA=="
    "resolved" "https://registry.npmjs.org/@types/websocket/-/websocket-1.0.4.tgz"
    "version" "1.0.4"
    dependencies:
      "@types/node" "*"
  
  "@vitejs/plugin-vue@^1.9.3":
    "integrity" "sha512-yW6H/q+4Mc2PcVjSOelcsMrg/k15DnMUz8jyCFsI04emc3aLwo4AoofUfGnjHUkgirrDxSJLVqQVGhonQ3yykA=="
    "resolved" "https://registry.npmjs.org/@vitejs/plugin-vue/-/plugin-vue-1.9.3.tgz"
    "version" "1.9.3"
  
  "@volar/code-gen@0.28.6":
    "integrity" "sha512-7c/hVs+Kxs7IkR4k2E7tc1OmPYjm0kUkOUTO514blSvS9XqK/F7s8Jn/XXOoT0+bnBU1XSB4PgxrDRVEhMkrfg=="
    "resolved" "https://registry.npmjs.org/@volar/code-gen/-/code-gen-0.28.6.tgz"
    "version" "0.28.6"
    dependencies:
      "@volar/shared" "0.28.6"
      "@volar/source-map" "0.28.6"
  
  "@volar/html2pug@0.28.6":
    "integrity" "sha512-WK5dX6+lLXiNGDYHgmxSnTNxDRXW4sp/n4y3daw4eQeotwW8Sz1byN8bw0Wm3jVeexH1+OnYHjWPw8St3LA36w=="
    "resolved" "https://registry.npmjs.org/@volar/html2pug/-/html2pug-0.28.6.tgz"
    "version" "0.28.6"
    dependencies:
      "domelementtype" "^2.2.0"
      "domhandler" "^4.2.2"
      "htmlparser2" "^7.1.2"
      "pug" "^3.0.2"
  
  "@volar/shared@0.28.6":
    "integrity" "sha512-tnXVipyntuawt68V/W7t2wbr+K54VsqCL0heYtlUphdKu2myzJ6avN5++sVVs76/RSYcu/dkfNL1qIdk0TzQ3g=="
    "resolved" "https://registry.npmjs.org/@volar/shared/-/shared-0.28.6.tgz"
    "version" "0.28.6"
    dependencies:
      "upath" "^2.0.1"
      "vscode-jsonrpc" "^8.0.0-next.2"
      "vscode-uri" "^3.0.2"
  
  "@volar/source-map@0.28.6":
    "integrity" "sha512-1UnYWrdh1gNRtnm/44hXFbLWgrWsu52OmLIv8MakbetU3aeH+Rd2z9Ig3YYyspvE5pbFQD86+FsYNNRjCWvxLA=="
    "resolved" "https://registry.npmjs.org/@volar/source-map/-/source-map-0.28.6.tgz"
    "version" "0.28.6"
    dependencies:
      "@volar/shared" "0.28.6"
  
  "@volar/transforms@0.28.6":
    "integrity" "sha512-u4MJyJYZxJu92sXOZZkgcaQKokj9ljzicz9nOqW2HRBIiFqDRd5TGSoSBD5MGHbYzeHt07fb3wEAWkHFRkKKcA=="
    "resolved" "https://registry.npmjs.org/@volar/transforms/-/transforms-0.28.6.tgz"
    "version" "0.28.6"
    dependencies:
      "@volar/shared" "0.28.6"
      "vscode-languageserver" "^8.0.0-next.2"
  
  "@vscode/emmet-helper@^2.8.0":
    "integrity" "sha512-A/+pkBYQq2JTow1A2flfTmEOmiF780KpdkoX7VBjQ7wujeA+CFUPd17YdeIa9aim20+J5Jp7SFujPDwVFiQucQ=="
    "resolved" "https://registry.npmjs.org/@vscode/emmet-helper/-/emmet-helper-2.8.2.tgz"
    "version" "2.8.2"
    dependencies:
      "emmet" "^2.3.0"
      "jsonc-parser" "^2.3.0"
      "vscode-languageserver-textdocument" "^1.0.1"
      "vscode-languageserver-types" "^3.15.1"
      "vscode-nls" "^5.0.0"
      "vscode-uri" "^2.1.2"
  
  "@vue/compiler-core@3.2.20":
    "integrity" "sha512-vcEXlKXoPwBXFP5aUTHN9GTZaDfwCofa9Yu9bbW2C5O/QSa9Esdt7OG4+0RRd3EHEMxUvEdj4RZrd/KpQeiJbA=="
    "resolved" "https://registry.npmjs.org/@vue/compiler-core/-/compiler-core-3.2.20.tgz"
    "version" "3.2.20"
    dependencies:
      "@babel/parser" "^7.15.0"
      "@vue/shared" "3.2.20"
      "estree-walker" "^2.0.2"
      "source-map" "^0.6.1"
  
  "@vue/compiler-dom@^3.2.20", "@vue/compiler-dom@3.2.20":
    "integrity" "sha512-QnI77ec/JtV7R0YBbcVayYTDCRcI9OCbxiUQK6izVyqQO0658n0zQuoNwe+bYgtqnvGAIqTR3FShTd5y4oOjdg=="
    "resolved" "https://registry.npmjs.org/@vue/compiler-dom/-/compiler-dom-3.2.20.tgz"
    "version" "3.2.20"
    dependencies:
      "@vue/compiler-core" "3.2.20"
      "@vue/shared" "3.2.20"
  
  "@vue/compiler-sfc@^3.0.2", "@vue/compiler-sfc@^3.2.20", "@vue/compiler-sfc@3.2.20":
    "integrity" "sha512-03aZo+6tQKiFLfunHKSPZvdK4Jsn/ftRCyaro8AQIWkuxJbvSosbKK6HTTn+D2c3nPScG155akJoxKENw7rftQ=="
    "resolved" "https://registry.npmjs.org/@vue/compiler-sfc/-/compiler-sfc-3.2.20.tgz"
    "version" "3.2.20"
    dependencies:
      "@babel/parser" "^7.15.0"
      "@vue/compiler-core" "3.2.20"
      "@vue/compiler-dom" "3.2.20"
      "@vue/compiler-ssr" "3.2.20"
      "@vue/ref-transform" "3.2.20"
      "@vue/shared" "3.2.20"
      "estree-walker" "^2.0.2"
      "magic-string" "^0.25.7"
      "postcss" "^8.1.10"
      "source-map" "^0.6.1"
  
  "@vue/compiler-ssr@3.2.20":
    "integrity" "sha512-rzzVVYivm+EjbfiGQvNeyiYZWzr6Hkej97RZLZvcumacQlnKv9176Xo9rRyeWwFbBlxmtNdrVMslRXtipMXk2w=="
    "resolved" "https://registry.npmjs.org/@vue/compiler-ssr/-/compiler-ssr-3.2.20.tgz"
    "version" "3.2.20"
    dependencies:
      "@vue/compiler-dom" "3.2.20"
      "@vue/shared" "3.2.20"
  
  "@vue/reactivity@^3.2.20", "@vue/reactivity@3.2.20":
    "integrity" "sha512-nSmoLojUTk+H8HNTAkrUduB4+yIUBK2HPihJo2uXVSH4Spry6oqN6lFzE5zpLK+F27Sja+UqR9R1+/kIOsHV5w=="
    "resolved" "https://registry.npmjs.org/@vue/reactivity/-/reactivity-3.2.20.tgz"
    "version" "3.2.20"
    dependencies:
      "@vue/shared" "3.2.20"
  
  "@vue/ref-transform@3.2.20":
    "integrity" "sha512-Y42d3PGlYZ1lXcF3dbd3+qU/C/a3wYEZ949fyOI5ptzkjDWlkfU6vn74fmOjsLjEcjs10BXK2qO99FqQIK2r1Q=="
    "resolved" "https://registry.npmjs.org/@vue/ref-transform/-/ref-transform-3.2.20.tgz"
    "version" "3.2.20"
    dependencies:
      "@babel/parser" "^7.15.0"
      "@vue/compiler-core" "3.2.20"
      "@vue/shared" "3.2.20"
      "estree-walker" "^2.0.2"
      "magic-string" "^0.25.7"
  
  "@vue/runtime-core@3.2.20":
    "integrity" "sha512-d1xfUGhZPfiZzAN7SatStD4vRtT8deJSXib2+Cz3x0brjMWKxe32asQc154FF1E2fFgMCHtnfd4A90bQEzV4GQ=="
    "resolved" "https://registry.npmjs.org/@vue/runtime-core/-/runtime-core-3.2.20.tgz"
    "version" "3.2.20"
    dependencies:
      "@vue/reactivity" "3.2.20"
      "@vue/shared" "3.2.20"
  
  "@vue/runtime-dom@3.2.20":
    "integrity" "sha512-4TCvZMLhESWCFHFYgqN4QmMA/onnINAlUovhopjlS8ST27G1A8Z0tyxPzLoXLa+b5JrOpbMPheEMPvdKExTJig=="
    "resolved" "https://registry.npmjs.org/@vue/runtime-dom/-/runtime-dom-3.2.20.tgz"
    "version" "3.2.20"
    dependencies:
      "@vue/runtime-core" "3.2.20"
      "@vue/shared" "3.2.20"
      "csstype" "^2.6.8"
  
  "@vue/server-renderer@3.2.20":
    "integrity" "sha512-viIbZGep9XabnrRcaxWIi00cOh1x21QYm2upIL5W0zqzTJ54VdTzpI+zi1osNp+VfRQDTHpV2U7H3Kn4ljYJvg=="
    "resolved" "https://registry.npmjs.org/@vue/server-renderer/-/server-renderer-3.2.20.tgz"
    "version" "3.2.20"
    dependencies:
      "@vue/compiler-ssr" "3.2.20"
      "@vue/shared" "3.2.20"
  
  "@vue/shared@^3.2.20", "@vue/shared@3.2.20":
    "integrity" "sha512-FbpX+hD5BvXCQerEYO7jtAGHlhAkhTQ4KIV73kmLWNlawWhTiVuQxizgVb0BOkX5oG9cIRZ42EG++d/k/Efp0w=="
    "resolved" "https://registry.npmjs.org/@vue/shared/-/shared-3.2.20.tgz"
    "version" "3.2.20"
  
  "@vueuse/core@^6.8.0":
    "integrity" "sha512-C6KMBus29L/mVtA5eK26WAqj6tyPlugrKaPLi2uLtbV//BHjbxe1uo3gVXCc5SwouDEdc7zswlGPw/l0/++NRg=="
    "resolved" "https://registry.npmjs.org/@vueuse/core/-/core-6.8.0.tgz"
    "version" "6.8.0"
    dependencies:
      "@vueuse/shared" "6.8.0"
      "vue-demi" "*"
  
  "@vueuse/shared@6.8.0":
    "integrity" "sha512-+YjehQ8Qe4Qgyq8iTToVOzp4sZBAZvScv3AGJSMi6HYbe54+nyjrRfS8DN4fA0eUahyftHKZ00WKgMe7TS5N0w=="
    "resolved" "https://registry.npmjs.org/@vueuse/shared/-/shared-6.8.0.tgz"
    "version" "6.8.0"
    dependencies:
      "vue-demi" "*"
  
  "@windicss/plugin-utils@1.0.3":
    "integrity" "sha512-SBYjmWBO+dOqxJgyyOAETOuMdcugvVgZYQc3rb7KtcTW5u9UkFXtiuGdoq8cWyFpSkn46gmjCb4WNbY3kEIVnQ=="
    "resolved" "https://registry.npmjs.org/@windicss/plugin-utils/-/plugin-utils-1.0.3.tgz"
    "version" "1.0.3"
    dependencies:
      "@antfu/utils" "^0.1.6"
      "debug" "^4.3.2"
      "fast-glob" "^3.2.5"
      "jiti" "^1.10.1"
      "magic-string" "^0.25.7"
      "micromatch" "^4.0.4"
      "windicss" "^3.1.3"
  
  "acorn@^7.1.1":
    "integrity" "sha512-nQyp0o1/mNdbTO1PO6kHkwSrmgZ0MT/jCCpNiwbUjGoRN4dlBhqJtoQuCnEOKzgTVwg0ZWiCoQy6SxMebQVh8A=="
    "resolved" "https://registry.npmjs.org/acorn/-/acorn-7.4.1.tgz"
    "version" "7.4.1"
  
  "ansi-styles@^4.1.0":
    "integrity" "sha512-zbB9rCJAT1rbjiVDb2hqKFHNYLxgtk8NURxZ3IZwD3F6NtxbXZQCnnSi1Lkx+IDohdPlFp222wVALIheZJQSEg=="
    "resolved" "https://registry.npmjs.org/ansi-styles/-/ansi-styles-4.3.0.tgz"
    "version" "4.3.0"
    dependencies:
      "color-convert" "^2.0.1"
  
  "anymatch@~3.1.1":
    "integrity" "sha512-P43ePfOAIupkguHUycrc4qJ9kz8ZiuOUijaETwX7THt0Y/GNK7v0aa8rY816xWjZ7rJdA5XdMcpVFTKMq+RvWg=="
    "resolved" "https://registry.npmjs.org/anymatch/-/anymatch-3.1.2.tgz"
    "version" "3.1.2"
    dependencies:
      "normalize-path" "^3.0.0"
      "picomatch" "^2.0.4"
  
  "asap@~2.0.3":
    "integrity" "sha1-5QNHYR1+aQlDIIu9r+vLwvuGbUY= sha512-BSHWgDSAiKs50o2Re8ppvp3seVHXSRM44cdSsT9FfNEUUZLOGWVCsiWaRPWM1Znn+mqZ1OfVZ3z3DWEzSp7hRA=="
    "resolved" "https://registry.npmjs.org/asap/-/asap-2.0.6.tgz"
    "version" "2.0.6"
  
  "assert-never@^1.2.1":
    "integrity" "sha512-TaTivMB6pYI1kXwrFlEhLeGfOqoDNdTxjCdwRfFFkEA30Eu+k48W34nlok2EYWJfFFzqaEmichdNM7th6M5HNw=="
    "resolved" "https://registry.npmjs.org/assert-never/-/assert-never-1.2.1.tgz"
    "version" "1.2.1"
  
  "babel-walk@3.0.0-canary-5":
    "integrity" "sha512-GAwkz0AihzY5bkwIY5QDR+LvsRQgB/B+1foMPvi0FZPMl5fjD7ICiznUiBdLYMH1QYe6vqu4gWYytZOccLouFw=="
    "resolved" "https://registry.npmjs.org/babel-walk/-/babel-walk-3.0.0-canary-5.tgz"
    "version" "3.0.0-canary-5"
    dependencies:
      "@babel/types" "^7.9.6"
  
  "balanced-match@^1.0.0":
    "integrity" "sha512-3oSeUO0TMV67hN1AmbXsK4yaqU7tjiHlbxRDZOpH0KW9+CeX4bRAaX0Anxt0tx2MrpRpWwQaPwIlISEJhYU5Pw=="
    "resolved" "https://registry.npmjs.org/balanced-match/-/balanced-match-1.0.2.tgz"
    "version" "1.0.2"
  
  "binary-extensions@^2.0.0":
    "integrity" "sha512-jDctJ/IVQbZoJykoeHbhXpOlNBqGNcwXJKJog42E5HDPUwQTSdjCHdihjj0DlnheQ7blbT6dHOafNAiS8ooQKA=="
    "resolved" "https://registry.npmjs.org/binary-extensions/-/binary-extensions-2.2.0.tgz"
    "version" "2.2.0"
  
  "brace-expansion@^1.1.7":
    "integrity" "sha512-iCuPHDFgrHX7H2vEI/5xpz07zSHB00TpugqhmYtVmMO6518mCuRMoOYFldEBl0g187ufozdaHgWKcYFb61qGiA=="
    "resolved" "https://registry.npmjs.org/brace-expansion/-/brace-expansion-1.1.11.tgz"
    "version" "1.1.11"
    dependencies:
      "balanced-match" "^1.0.0"
      "concat-map" "0.0.1"
  
  "braces@^3.0.1", "braces@~3.0.2":
    "integrity" "sha512-b8um+L1RzM3WDSzvhm6gIz1yfTbBt6YTlcEKAvsmqCZZFw46z626lVj9j1yEPW33H5H+lBQpZMP1k8l+78Ha0A=="
    "resolved" "https://registry.npmjs.org/braces/-/braces-3.0.2.tgz"
    "version" "3.0.2"
    dependencies:
      "fill-range" "^7.0.1"
  
  "bufferutil@^4.0.1":
    "integrity" "sha512-yEYTwGndELGvfXsImMBLop58eaGW+YdONi1fNjTINSY98tmMmFijBG6WXgdkfuLNt4imzQNtIE+eBp1PVpMCSw=="
    "resolved" "https://registry.npmjs.org/bufferutil/-/bufferutil-4.0.3.tgz"
    "version" "4.0.3"
    dependencies:
      "node-gyp-build" "^4.2.0"
  
  "call-bind@^1.0.2":
    "integrity" "sha512-7O+FbCihrB5WGbFYesctwmTKae6rOiIzmz1icreWJ+0aA7LJfuqhEso2T9ncpcFtzMQtzXf2QGGueWJGTYsqrA=="
    "resolved" "https://registry.npmjs.org/call-bind/-/call-bind-1.0.2.tgz"
    "version" "1.0.2"
    dependencies:
      "function-bind" "^1.1.1"
      "get-intrinsic" "^1.0.2"
  
  "chalk@^4.1.1":
    "integrity" "sha512-diHzdDKxcU+bAsUboHLPEDQiw0qEe0qd7SYUn3HgcFlWgbDcfLGswOHYeGrHKzG9z6UYf01d9VFMfZxPM1xZSg=="
    "resolved" "https://registry.npmjs.org/chalk/-/chalk-4.1.1.tgz"
    "version" "4.1.1"
    dependencies:
      "ansi-styles" "^4.1.0"
      "supports-color" "^7.1.0"
  
  "character-parser@^2.2.0":
    "integrity" "sha1-x84o821LzZdE5f/CxfzeHHMmH8A= sha512-+UqJQjFEFaTAs3bNsF2j2kEN1baG/zghZbdqoYEDxGZtJo9LBzl1A+m0D4n3qKx8N2FNv8/Xp6yV9mQmBuptaw=="
    "resolved" "https://registry.npmjs.org/character-parser/-/character-parser-2.2.0.tgz"
    "version" "2.2.0"
    dependencies:
      "is-regex" "^1.0.3"
  
  "chokidar@^3.5.1":
    "integrity" "sha512-9+s+Od+W0VJJzawDma/gvBNQqkTiqYTWLuZoyAsivsI4AaWTCzHG06/TMjsf1cYe9Cb97UCEhjz7HvnPk2p/tw=="
    "resolved" "https://registry.npmjs.org/chokidar/-/chokidar-3.5.1.tgz"
    "version" "3.5.1"
    dependencies:
      "anymatch" "~3.1.1"
      "braces" "~3.0.2"
      "glob-parent" "~5.1.0"
      "is-binary-path" "~2.1.0"
      "is-glob" "~4.0.1"
      "normalize-path" "~3.0.0"
      "readdirp" "~3.5.0"
    optionalDependencies:
      "fsevents" "~2.3.1"
  
  "color-convert@^2.0.1":
    "integrity" "sha512-RRECPsj7iu/xb5oKYcsFHSppFNnsj/52OVTRKb4zP5onXwVF3zVmmToNcOfGC+CRDpfK/U584fMg38ZHCaElKQ=="
    "resolved" "https://registry.npmjs.org/color-convert/-/color-convert-2.0.1.tgz"
    "version" "2.0.1"
    dependencies:
      "color-name" "~1.1.4"
  
  "color-name@~1.1.4":
    "integrity" "sha512-dOy+3AuW3a2wNbZHIuMZpTcgjGuLU/uBL/ubcZF9OXbDo8ff4O8yVp5Bf0efS8uEoYo5q4Fx7dY9OgQGXgAsQA=="
    "resolved" "https://registry.npmjs.org/color-name/-/color-name-1.1.4.tgz"
    "version" "1.1.4"
  
  "concat-map@0.0.1":
    "integrity" "sha1-2Klr13/Wjfd5OnMDajug1UBdR3s= sha512-/Srv4dswyQNBfohGpz9o6Yb3Gz3SrUDqBH5rTuhGR7ahtlbYKnVxw2bCFMRljaA7EXHaXZ8wsHdodFvbkhKmqg=="
    "resolved" "https://registry.npmjs.org/concat-map/-/concat-map-0.0.1.tgz"
    "version" "0.0.1"
  
  "constantinople@^4.0.1":
    "integrity" "sha512-vCrqcSIq4//Gx74TXXCGnHpulY1dskqLTFGDmhrGxzeXL8lF8kvXv6mpNWlJj1uD4DW23D4ljAqbY4RRaaUZIw=="
    "resolved" "https://registry.npmjs.org/constantinople/-/constantinople-4.0.1.tgz"
    "version" "4.0.1"
    dependencies:
      "@babel/parser" "^7.6.0"
      "@babel/types" "^7.6.1"
  
  "cross-fetch@^3.0.6", "cross-fetch@^3.1.0":
    "integrity" "sha512-1eAtFWdIubi6T4XPy6ei9iUFoKpUkIF971QLN8lIvvvwueI65+Nw5haMNKUwfJxabqlIIDODJKGrQ66gxC0PbQ=="
    "resolved" "https://registry.npmjs.org/cross-fetch/-/cross-fetch-3.1.4.tgz"
    "version" "3.1.4"
    dependencies:
      "node-fetch" "2.6.1"
  
  "csstype@^2.6.8":
    "integrity" "sha512-u1wmTI1jJGzCJzWndZo8mk4wnPTZd1eOIYTYvuEyOQGfmDl3TrabCCfKnOC86FZwW/9djqTl933UF/cS425i9A=="
    "resolved" "https://registry.npmjs.org/csstype/-/csstype-2.6.17.tgz"
    "version" "2.6.17"
  
  "d@^1.0.1", "d@1":
    "integrity" "sha512-m62ShEObQ39CfralilEQRjH6oAMtNCV1xJyEx5LpRYUVN+EviphDgUc/F3hnYbADmkiNs67Y+3ylmlG7Lnu+FA=="
    "resolved" "https://registry.npmjs.org/d/-/d-1.0.1.tgz"
    "version" "1.0.1"
    dependencies:
      "es5-ext" "^0.10.50"
      "type" "^1.0.1"
  
  "debug@^2.2.0":
    "integrity" "sha512-bC7ElrdJaJnPbAP+1EotYvqZsb3ecl5wi6Bfi6BJTUcNowp6cvspg0jXznRTKDjm/E7AdgFBVeAPVMNcKGsHMA=="
    "resolved" "https://registry.npmjs.org/debug/-/debug-2.6.9.tgz"
    "version" "2.6.9"
    dependencies:
      "ms" "2.0.0"
  
  "debug@^4.3.2":
    "integrity" "sha512-mOp8wKcvj7XxC78zLgw/ZA+6TSgkoE2C/ienthhRD298T7UNwAg9diBpLRxC0mOezLl4B0xV7M0cCO6P/O0Xhw=="
    "resolved" "https://registry.npmjs.org/debug/-/debug-4.3.2.tgz"
    "version" "4.3.2"
    dependencies:
      "ms" "2.1.2"
  
  "doctypes@^1.1.0":
    "integrity" "sha1-6oCxBqh1OHdOijpKWv4pPeSJ4Kk= sha512-LLBi6pEqS6Do3EKQ3J0NqHWV5hhb78Pi8vvESYwyOy2c31ZEZVdtitdzsQsKb7878PEERhzUk0ftqGhG6Mz+pQ=="
    "resolved" "https://registry.npmjs.org/doctypes/-/doctypes-1.1.0.tgz"
    "version" "1.1.0"
  
  "dom-serializer@^1.0.1":
    "integrity" "sha512-5c54Bk5Dw4qAxNOI1pFEizPSjVsx5+bpJKmL2kPn8JhBUq2q09tTCa3mjijun2NfK78NMouDYNMBkOrPZiS+ig=="
    "resolved" "https://registry.npmjs.org/dom-serializer/-/dom-serializer-1.3.2.tgz"
    "version" "1.3.2"
    dependencies:
      "domelementtype" "^2.0.1"
      "domhandler" "^4.2.0"
      "entities" "^2.0.0"
  
  "domelementtype@^2.0.1", "domelementtype@^2.2.0":
    "integrity" "sha512-DtBMo82pv1dFtUmHyr48beiuq792Sxohr+8Hm9zoxklYPfa6n0Z3Byjj2IV7bmr2IyqClnqEQhfgHJJ5QF0R5A=="
    "resolved" "https://registry.npmjs.org/domelementtype/-/domelementtype-2.2.0.tgz"
    "version" "2.2.0"
  
  "domhandler@^4.2.0", "domhandler@^4.2.2":
    "integrity" "sha512-PzE9aBMsdZO8TK4BnuJwH0QT41wgMbRzuZrHUcpYncEjmQazq8QEaBWgLG7ZyC/DAZKEgglpIA6j4Qn/HmxS3w=="
    "resolved" "https://registry.npmjs.org/domhandler/-/domhandler-4.2.2.tgz"
    "version" "4.2.2"
    dependencies:
      "domelementtype" "^2.2.0"
  
  "domutils@^2.8.0":
    "integrity" "sha512-w96Cjofp72M5IIhpjgobBimYEfoPjx1Vx0BSX9P30WBdZW2WIKU0T1Bd0kz2eNZ9ikjKgHbEyKx8BB6H1L3h3A=="
    "resolved" "https://registry.npmjs.org/domutils/-/domutils-2.8.0.tgz"
    "version" "2.8.0"
    dependencies:
      "dom-serializer" "^1.0.1"
      "domelementtype" "^2.2.0"
      "domhandler" "^4.2.0"
  
  "emmet@^2.3.0":
    "integrity" "sha512-3IqSwmO+N2ZGeuhDyhV/TIOJFUbkChi53bcasSNRE7Yd+4eorbbYz4e53TpMECt38NtYkZNupQCZRlwdAYA42A=="
    "resolved" "https://registry.npmjs.org/emmet/-/emmet-2.3.4.tgz"
    "version" "2.3.4"
    dependencies:
      "@emmetio/abbreviation" "^2.2.2"
      "@emmetio/css-abbreviation" "^2.1.4"
  
  "entities@^2.0.0":
    "integrity" "sha512-p92if5Nz619I0w+akJrLZH0MX0Pb5DX39XOwQTtXSdQQOaYH03S1uIQp4mhOZtAXrxq4ViO67YTiLBo2638o9A=="
    "resolved" "https://registry.npmjs.org/entities/-/entities-2.2.0.tgz"
    "version" "2.2.0"
  
  "entities@^3.0.1":
    "integrity" "sha512-WiyBqoomrwMdFG1e0kqvASYfnlb0lp8M5o5Fw2OFq1hNZxxcNk8Ik0Xm7LxzBhuidnZB/UtBqVCgUz3kBOP51Q=="
    "resolved" "https://registry.npmjs.org/entities/-/entities-3.0.1.tgz"
    "version" "3.0.1"
  
  "es5-ext@^0.10.35", "es5-ext@^0.10.50":
    "integrity" "sha512-Xs2Stw6NiNHWypzRTY1MtaG/uJlwCk8kH81920ma8mvN8Xq1gsfhZvpkImLQArw8AHnv8MT2I45J3c0R8slE+Q=="
    "resolved" "https://registry.npmjs.org/es5-ext/-/es5-ext-0.10.53.tgz"
    "version" "0.10.53"
    dependencies:
      "es6-iterator" "~2.0.3"
      "es6-symbol" "~3.1.3"
      "next-tick" "~1.0.0"
  
  "es6-iterator@~2.0.3":
    "integrity" "sha1-p96IkUGgWpSwhUQDstCg+/qY87c= sha512-zw4SRzoUkd+cl+ZoE15A9o1oQd920Bb0iOJMQkQhl3jNc03YqVjAhG7scf9C5KWRU/R13Orf588uCC6525o02g=="
    "resolved" "https://registry.npmjs.org/es6-iterator/-/es6-iterator-2.0.3.tgz"
    "version" "2.0.3"
    dependencies:
      "d" "1"
      "es5-ext" "^0.10.35"
      "es6-symbol" "^3.1.1"
  
  "es6-symbol@^3.1.1", "es6-symbol@~3.1.3":
    "integrity" "sha512-NJ6Yn3FuDinBaBRWl/q5X/s4koRHBrgKAu+yGI6JCBeiu3qrcbJhwT2GeR/EXVfylRk8dpQVJoLEFhK+Mu31NA=="
    "resolved" "https://registry.npmjs.org/es6-symbol/-/es6-symbol-3.1.3.tgz"
    "version" "3.1.3"
    dependencies:
      "d" "^1.0.1"
      "ext" "^1.1.2"
  
  "esbuild-windows-64@0.13.7":
    "integrity" "sha512-vk+yv/vYpHZP0vxSaxaA4EMaicuxy4E435EXkbsgk5UgpcQgSP0CVlIeaqtgfSM3IwGnpbagOirRVqqZqxyMDQ=="
    "resolved" "https://registry.npmjs.org/esbuild-windows-64/-/esbuild-windows-64-0.13.7.tgz"
    "version" "0.13.7"
  
  "esbuild@^0.13.2":
    "integrity" "sha512-Ok3w+Pc9SNdNVEEJUUx9OvNZHwFyoKS0N+ceytfUB3wh/HxhRkOEc9dO8KR9AjfpFI82/Wg258GRDs1/8SFgKQ=="
    "resolved" "https://registry.npmjs.org/esbuild/-/esbuild-0.13.7.tgz"
    "version" "0.13.7"
    optionalDependencies:
      "esbuild-android-arm64" "0.13.7"
      "esbuild-darwin-64" "0.13.7"
      "esbuild-darwin-arm64" "0.13.7"
      "esbuild-freebsd-64" "0.13.7"
      "esbuild-freebsd-arm64" "0.13.7"
      "esbuild-linux-32" "0.13.7"
      "esbuild-linux-64" "0.13.7"
      "esbuild-linux-arm" "0.13.7"
      "esbuild-linux-arm64" "0.13.7"
      "esbuild-linux-mips64le" "0.13.7"
      "esbuild-linux-ppc64le" "0.13.7"
      "esbuild-netbsd-64" "0.13.7"
      "esbuild-openbsd-64" "0.13.7"
      "esbuild-sunos-64" "0.13.7"
      "esbuild-windows-32" "0.13.7"
      "esbuild-windows-64" "0.13.7"
      "esbuild-windows-arm64" "0.13.7"
  
  "estree-walker@^2.0.2":
    "integrity" "sha512-Rfkk/Mp/DL7JVje3u18FxFujQlTNR2q6QfMSMB7AvCBx91NGj/ba3kCfza0f6dVDbw7YlRf/nDrn7pQrCCyQ/w=="
    "resolved" "https://registry.npmjs.org/estree-walker/-/estree-walker-2.0.2.tgz"
    "version" "2.0.2"
  
  "ext@^1.1.2":
    "integrity" "sha512-Key5NIsUxdqKg3vIsdw9dSuXpPCQ297y6wBjL30edxwPgt2E44WcWBZey/ZvUc6sERLTxKdyCu4gZFmUbk1Q7A=="
    "resolved" "https://registry.npmjs.org/ext/-/ext-1.4.0.tgz"
    "version" "1.4.0"
    dependencies:
      "type" "^2.0.0"
  
  "fast-glob@^3.2.5":
    "integrity" "sha512-2DtFcgT68wiTTiwZ2hNdJfcHNke9XOfnwmBRWXhmeKM8rF0TGwmC/Qto3S7RoZKp5cilZbxzO5iTNTQsJ+EeDg=="
    "resolved" "https://registry.npmjs.org/fast-glob/-/fast-glob-3.2.5.tgz"
    "version" "3.2.5"
    dependencies:
      "@nodelib/fs.stat" "^2.0.2"
      "@nodelib/fs.walk" "^1.2.3"
      "glob-parent" "^5.1.0"
      "merge2" "^1.3.0"
      "micromatch" "^4.0.2"
      "picomatch" "^2.2.1"
  
  "fastq@^1.6.0":
    "integrity" "sha512-7Eczs8gIPDrVzT+EksYBcupqMyxSHXXrHOLRRxU2/DicV8789MRBRR8+Hc2uWzUupOs4YS4JzBmBxjjCVBxD/g=="
    "resolved" "https://registry.npmjs.org/fastq/-/fastq-1.11.0.tgz"
    "version" "1.11.0"
    dependencies:
      "reusify" "^1.0.4"
  
  "fill-range@^7.0.1":
    "integrity" "sha512-qOo9F+dMUmC2Lcb4BbVvnKJxTPjCm+RRpe4gDuGrzkL7mEVl/djYSu2OdQ2Pa302N4oqkSg9ir6jaLWJ2USVpQ=="
    "resolved" "https://registry.npmjs.org/fill-range/-/fill-range-7.0.1.tgz"
    "version" "7.0.1"
    dependencies:
      "to-regex-range" "^5.0.1"
  
  "function-bind@^1.1.1":
    "integrity" "sha512-yIovAzMX49sF8Yl58fSCWJ5svSLuaibPxXQJFLmBObTuCr0Mf1KiPopGM9NiFjiYBCbfaa2Fh6breQ6ANVTI0A=="
    "resolved" "https://registry.npmjs.org/function-bind/-/function-bind-1.1.1.tgz"
    "version" "1.1.1"
  
  "get-intrinsic@^1.0.2":
    "integrity" "sha512-kWZrnVM42QCiEA2Ig1bG8zjoIMOgxWwYCEeNdwY6Tv/cOSeGpcoX4pXHfKUxNKVoArnrEr2e9srnAxxGIraS9Q=="
    "resolved" "https://registry.npmjs.org/get-intrinsic/-/get-intrinsic-1.1.1.tgz"
    "version" "1.1.1"
    dependencies:
      "function-bind" "^1.1.1"
      "has" "^1.0.3"
      "has-symbols" "^1.0.1"
  
  "glob-parent@^5.1.0", "glob-parent@~5.1.0":
    "integrity" "sha512-AOIgSQCepiJYwP3ARnGx+5VnTu2HBYdzbGP45eLw1vr3zB3vZLeyed1sC9hnbcOc9/SrMyM5RPQrkGz4aS9Zow=="
    "resolved" "https://registry.npmjs.org/glob-parent/-/glob-parent-5.1.2.tgz"
    "version" "5.1.2"
    dependencies:
      "is-glob" "^4.0.1"
  
  "has-flag@^4.0.0":
    "integrity" "sha512-EykJT/Q1KjTWctppgIAgfSO0tKVuZUjhgMr17kqTumMl6Afv3EISleU7qZUzoXDFTAHTDC4NOoG/ZxU3EvlMPQ=="
    "resolved" "https://registry.npmjs.org/has-flag/-/has-flag-4.0.0.tgz"
    "version" "4.0.0"
  
  "has-symbols@^1.0.1", "has-symbols@^1.0.2":
    "integrity" "sha512-chXa79rL/UC2KlX17jo3vRGz0azaWEx5tGqZg5pO3NUyEJVB17dMruQlzCCOfUvElghKcm5194+BCRvi2Rv/Gw=="
    "resolved" "https://registry.npmjs.org/has-symbols/-/has-symbols-1.0.2.tgz"
    "version" "1.0.2"
  
  "has-tostringtag@^1.0.0":
    "integrity" "sha512-kFjcSNhnlGV1kyoGk7OXKSawH5JOb/LzUc5w9B02hOTO0dfFRjbHQKvg1d6cf3HbeUmtU9VbbV3qzZ2Teh97WQ=="
    "resolved" "https://registry.npmjs.org/has-tostringtag/-/has-tostringtag-1.0.0.tgz"
    "version" "1.0.0"
    dependencies:
      "has-symbols" "^1.0.2"
  
  "has@^1.0.3":
    "integrity" "sha512-f2dvO0VU6Oej7RkWJGrehjbzMAjFp5/VKPp5tTpWIV4JHHZK1/BxbFRtf/siA2SWTe09caDmVtYYzWEIbBS4zw=="
    "resolved" "https://registry.npmjs.org/has/-/has-1.0.3.tgz"
    "version" "1.0.3"
    dependencies:
      "function-bind" "^1.1.1"
  
  "htmlparser2@^7.1.2":
    "integrity" "sha512-d6cqsbJba2nRdg8WW2okyD4ceonFHn9jLFxhwlNcLhQWcFPdxXeJulgOLjLKtAK9T6ahd+GQNZwG9fjmGW7lyg=="
    "resolved" "https://registry.npmjs.org/htmlparser2/-/htmlparser2-7.1.2.tgz"
    "version" "7.1.2"
    dependencies:
      "domelementtype" "^2.0.1"
      "domhandler" "^4.2.2"
      "domutils" "^2.8.0"
      "entities" "^3.0.1"
  
  "is-binary-path@~2.1.0":
    "integrity" "sha512-ZMERYes6pDydyuGidse7OsHxtbI7WVeUEozgR/g7rd0xUimYNlvZRE/K2MgZTjWy725IfelLeVcEM97mmtRGXw=="
    "resolved" "https://registry.npmjs.org/is-binary-path/-/is-binary-path-2.1.0.tgz"
    "version" "2.1.0"
    dependencies:
      "binary-extensions" "^2.0.0"
  
  "is-core-module@^2.2.0":
    "integrity" "sha512-6A2fkfq1rfeQZjxrZJGerpLCTHRNEBiSgnu0+obeJpEPZRUooHgsizvzv0ZjJwOz3iWIHdJtVWJ/tmPr3D21/A=="
    "resolved" "https://registry.npmjs.org/is-core-module/-/is-core-module-2.4.0.tgz"
    "version" "2.4.0"
    dependencies:
      "has" "^1.0.3"
  
  "is-expression@^4.0.0":
    "integrity" "sha512-zMIXX63sxzG3XrkHkrAPvm/OVZVSCPNkwMHU8oTX7/U3AL78I0QXCEICXUM13BIa8TYGZ68PiTKfQz3yaTNr4A=="
    "resolved" "https://registry.npmjs.org/is-expression/-/is-expression-4.0.0.tgz"
    "version" "4.0.0"
    dependencies:
      "acorn" "^7.1.1"
      "object-assign" "^4.1.1"
  
  "is-extglob@^2.1.1":
    "integrity" "sha1-qIwCU1eR8C7TfHahueqXc8gz+MI= sha512-SbKbANkN603Vi4jEZv49LeVJMn4yGwsbzZworEoyEiutsN3nJYdbO36zfhGJ6QEDpOZIFkDtnq5JRxmvl3jsoQ=="
    "resolved" "https://registry.npmjs.org/is-extglob/-/is-extglob-2.1.1.tgz"
    "version" "2.1.1"
  
  "is-glob@^4.0.1", "is-glob@~4.0.1":
    "integrity" "sha512-5G0tKtBTFImOqDnLB2hG6Bp2qcKEFduo4tZu9MT/H6NQv/ghhy30o55ufafxJ/LdH79LLs2Kfrn85TLKyA7BUg=="
    "resolved" "https://registry.npmjs.org/is-glob/-/is-glob-4.0.1.tgz"
    "version" "4.0.1"
    dependencies:
      "is-extglob" "^2.1.1"
  
  "is-number@^7.0.0":
    "integrity" "sha512-41Cifkg6e8TylSpdtTpeLVMqvSBEVzTttHvERD741+pnZ8ANv0004MRL43QKPDlK9cGvNp6NZWZUBlbGXYxxng=="
    "resolved" "https://registry.npmjs.org/is-number/-/is-number-7.0.0.tgz"
    "version" "7.0.0"
  
  "is-promise@^2.0.0":
    "integrity" "sha512-+lP4/6lKUBfQjZ2pdxThZvLUAafmZb8OAxFb8XXtiQmS35INgr85hdOGoEs124ez1FCnZJt6jau/T+alh58QFQ=="
    "resolved" "https://registry.npmjs.org/is-promise/-/is-promise-2.2.2.tgz"
    "version" "2.2.2"
  
  "is-regex@^1.0.3":
    "integrity" "sha512-kvRdxDsxZjhzUX07ZnLydzS1TU/TJlTUHHY4YLL87e37oUA49DfkLqgy+VjFocowy29cKvcSiu+kIv728jTTVg=="
    "resolved" "https://registry.npmjs.org/is-regex/-/is-regex-1.1.4.tgz"
    "version" "1.1.4"
    dependencies:
      "call-bind" "^1.0.2"
      "has-tostringtag" "^1.0.0"
  
  "is-typedarray@^1.0.0":
    "integrity" "sha1-5HnICFjfDBsR3dppQPlgEfzaSpo= sha512-cyA56iCMHAh5CdzjJIa4aohJyeO1YbwLi3Jc35MmRU6poroFjIGZzUzupGiRPOjgHg9TLu43xbpwXk523fMxKA=="
    "resolved" "https://registry.npmjs.org/is-typedarray/-/is-typedarray-1.0.0.tgz"
    "version" "1.0.0"
  
  "jiti@^1.10.1":
    "integrity" "sha512-qux9juDtAC8HlZxAk/fku73ak4TWNLigRFTNzFShE/kw4bXVFsVu538vLXAxvNyPszXgpX4YxkXfwTYEi+zf5A=="
    "resolved" "https://registry.npmjs.org/jiti/-/jiti-1.10.1.tgz"
    "version" "1.10.1"
  
  "js-stringify@^1.0.2":
    "integrity" "sha1-Fzb939lyTyijaCrcYjCufk6Weds= sha512-rtS5ATOo2Q5k1G+DADISilDA6lv79zIiwFd6CcjuIxGKLFm5C+RLImRscVap9k55i+MOZwgliw+NejvkLuGD5g=="
    "resolved" "https://registry.npmjs.org/js-stringify/-/js-stringify-1.0.2.tgz"
    "version" "1.0.2"
  
  "jsonc-parser@^2.3.0":
    "integrity" "sha512-H8jvkz1O50L3dMZCsLqiuB2tA7muqbSg1AtGEkN0leAqGjsUzDJir3Zwr02BhqdcITPg3ei3mZ+HjMocAknhhg=="
    "resolved" "https://registry.npmjs.org/jsonc-parser/-/jsonc-parser-2.3.1.tgz"
    "version" "2.3.1"
  
  "jsonc-parser@^3.0.0":
    "integrity" "sha512-fQzRfAbIBnR0IQvftw9FJveWiHp72Fg20giDrHz6TdfB12UH/uue0D3hm57UB5KgAVuniLMCaS8P1IMj9NR7cA=="
    "resolved" "https://registry.npmjs.org/jsonc-parser/-/jsonc-parser-3.0.0.tgz"
    "version" "3.0.0"
  
  "jstransformer@1.0.0":
    "integrity" "sha1-7Yvwkh4vPx7U1cGkT2hwntJHIsM= sha512-C9YK3Rf8q6VAPDCCU9fnqo3mAfOH6vUGnMcP4AQAYIEpWtfGLpwOTmZ+igtdK5y+VvI2n3CyYSzy4Qh34eq24A=="
    "resolved" "https://registry.npmjs.org/jstransformer/-/jstransformer-1.0.0.tgz"
    "version" "1.0.0"
    dependencies:
      "is-promise" "^2.0.0"
      "promise" "^7.0.1"
  
  "lru-cache@^6.0.0":
    "integrity" "sha512-Jo6dJ04CmSjuznwJSS3pUeWmd/H0ffTlkXXgwZi+eq1UCmqQwCh+eLsYOYCwY991i2Fah4h1BEMCx4qThGbsiA=="
    "resolved" "https://registry.npmjs.org/lru-cache/-/lru-cache-6.0.0.tgz"
    "version" "6.0.0"
    dependencies:
      "yallist" "^4.0.0"
  
  "magic-string@^0.25.7":
    "integrity" "sha512-4CrMT5DOHTDk4HYDlzmwu4FVCcIYI8gauveasrdCu2IKIFOJ3f0v/8MDGJCDL9oD2ppz/Av1b0Nj345H9M+XIA=="
    "resolved" "https://registry.npmjs.org/magic-string/-/magic-string-0.25.7.tgz"
    "version" "0.25.7"
    dependencies:
      "sourcemap-codec" "^1.4.4"
  
  "merge2@^1.3.0":
    "integrity" "sha512-8q7VEgMJW4J8tcfVPy8g09NcQwZdbwFEqhe/WZkoIzjn/3TGDwtOCYtXGxA3O8tPzpczCCDgv+P2P5y00ZJOOg=="
    "resolved" "https://registry.npmjs.org/merge2/-/merge2-1.4.1.tgz"
    "version" "1.4.1"
  
  "micromatch@^4.0.2", "micromatch@^4.0.4":
    "integrity" "sha512-pRmzw/XUcwXGpD9aI9q/0XOwLNygjETJ8y0ao0wdqprrzDa4YnxLcz7fQRZr8voh8V10kGhABbNcHVk5wHgWwg=="
    "resolved" "https://registry.npmjs.org/micromatch/-/micromatch-4.0.4.tgz"
    "version" "4.0.4"
    dependencies:
      "braces" "^3.0.1"
      "picomatch" "^2.2.3"
  
  "minimatch@^3.0.4":
    "integrity" "sha512-yJHVQEhyqPLUTgt9B83PXu6W3rx4MvvHvSUvToogpwoGDOUQ+yDrR0HRot+yOCdCO7u4hX3pWft6kWBBcqh0UA=="
    "resolved" "https://registry.npmjs.org/minimatch/-/minimatch-3.0.4.tgz"
    "version" "3.0.4"
    dependencies:
      "brace-expansion" "^1.1.7"
  
  "ms@2.0.0":
    "integrity" "sha1-VgiurfwAvmwpAd9fmGF4jeDVl8g= sha512-Tpp60P6IUJDTuOq/5Z8cdskzJujfwqfOTkrwIwj7IRISpnkJnT6SyJ4PCPnGMoFjC9ddhal5KVIYtAt97ix05A=="
    "resolved" "https://registry.npmjs.org/ms/-/ms-2.0.0.tgz"
    "version" "2.0.0"
  
  "ms@2.1.2":
    "integrity" "sha512-sGkPx+VjMtmA6MX27oA4FBFELFCZZ4S4XqeGOXCv68tT+jb3vk/RyaKWP0PTKyWtmLSM0b+adUTEvbs1PEaH2w=="
    "resolved" "https://registry.npmjs.org/ms/-/ms-2.1.2.tgz"
    "version" "2.1.2"
  
  "nanoid@^3.1.28":
    "integrity" "sha512-zJpuPDwOv8D2zq2WRoMe1HsfZthVewpel9CAvTfc/2mBD1uUT/agc5f7GHGWXlYkFvi1mVxe4IjvP2HNrop7nQ=="
    "resolved" "https://registry.npmjs.org/nanoid/-/nanoid-3.1.30.tgz"
    "version" "3.1.30"
  
  "next-tick@~1.0.0":
    "integrity" "sha1-yobR/ogoFpsBICCOPchCS524NCw= sha512-mc/caHeUcdjnC/boPWJefDr4KUIWQNv+tlnFnJd38QMou86QtxQzBJfxgGRzvx8jazYRqrVlaHarfO72uNxPOg=="
    "resolved" "https://registry.npmjs.org/next-tick/-/next-tick-1.0.0.tgz"
    "version" "1.0.0"
  
  "node-fetch@2.6.1":
    "integrity" "sha512-V4aYg89jEoVRxRb2fJdAg8FHvI7cEyYdVAh94HH0UIK8oJxUfkjlDQN9RbMx+bEjP7+ggMiFRprSti032Oipxw=="
    "resolved" "https://registry.npmjs.org/node-fetch/-/node-fetch-2.6.1.tgz"
    "version" "2.6.1"
  
  "node-gyp-build@^4.2.0":
    "integrity" "sha512-MN6ZpzmfNCRM+3t57PTJHgHyw/h4OWnZ6mR8P5j/uZtqQr46RRuDE/P+g3n0YR/AiYXeWixZZzaip77gdICfRg=="
    "resolved" "https://registry.npmjs.org/node-gyp-build/-/node-gyp-build-4.2.3.tgz"
    "version" "4.2.3"
  
  "normalize-path@^3.0.0", "normalize-path@~3.0.0":
    "integrity" "sha512-6eZs5Ls3WtCisHWp9S2GUy8dqkpGi4BVSz3GaqiE6ezub0512ESztXUwUB6C6IKbQkY2Pnb/mD4WYojCRwcwLA=="
    "resolved" "https://registry.npmjs.org/normalize-path/-/normalize-path-3.0.0.tgz"
    "version" "3.0.0"
  
  "object-assign@^4.1.1":
    "integrity" "sha1-IQmtx5ZYh8/AXLvUQsrIv7s2CGM= sha512-rJgTQnkUnH1sFw8yT6VSU3zD3sWmu6sZhIseY8VX+GRu3P6F7Fu+JNDoXfklElbLJSnc3FUQHVe4cU5hj+BcUg=="
    "resolved" "https://registry.npmjs.org/object-assign/-/object-assign-4.1.1.tgz"
    "version" "4.1.1"
  
  "path-parse@^1.0.6":
    "integrity" "sha512-LDJzPVEEEPR+y48z93A0Ed0yXb8pAByGWo/k5YYdYgpY2/2EsOsksJrq7lOHxryrVOn1ejG6oAp8ahvOIQD8sw=="
    "resolved" "https://registry.npmjs.org/path-parse/-/path-parse-1.0.7.tgz"
    "version" "1.0.7"
  
  "picocolors@^0.2.1":
    "integrity" "sha512-cMlDqaLEqfSaW8Z7N5Jw+lyIW869EzT73/F5lhtY9cLGoVxSXznfgfXMO0Z5K0o0Q2TkTXq+0KFsdnSe3jDViA=="
    "resolved" "https://registry.npmjs.org/picocolors/-/picocolors-0.2.1.tgz"
    "version" "0.2.1"
  
  "picomatch@^2.0.4", "picomatch@^2.2.1", "picomatch@^2.2.3":
    "integrity" "sha512-lY1Q/PiJGC2zOv/z391WOTD+Z02bCgsFfvxoXXf6h7kv9o+WmsmzYqrAwY63sNgOxE4xEdq0WyUnXfKeBrSvYw=="
    "resolved" "https://registry.npmjs.org/picomatch/-/picomatch-2.3.0.tgz"
    "version" "2.3.0"
  
  "postcss@^8.1.10", "postcss@^8.3.8":
    "integrity" "sha512-f/ZFyAKh9Dnqytx5X62jgjhhzttjZS7hMsohcI7HEI5tjELX/HxCy3EFhsRxyzGvrzFF+82XPvCS8T9TFleVJw=="
    "resolved" "https://registry.npmjs.org/postcss/-/postcss-8.3.9.tgz"
    "version" "8.3.9"
    dependencies:
      "nanoid" "^3.1.28"
      "picocolors" "^0.2.1"
      "source-map-js" "^0.6.2"
  
  "promise@^7.0.1":
    "integrity" "sha512-nolQXZ/4L+bP/UGlkfaIujX9BKxGwmQ9OT4mOt5yvy8iK1h3wqTEJCijzGANTCCl9nWjY41juyAn2K3Q1hLLTg=="
    "resolved" "https://registry.npmjs.org/promise/-/promise-7.3.1.tgz"
    "version" "7.3.1"
    dependencies:
      "asap" "~2.0.3"
  
  "pug-attrs@^3.0.0":
    "integrity" "sha512-azINV9dUtzPMFQktvTXciNAfAuVh/L/JCl0vtPCwvOA21uZrC08K/UnmrL+SXGEVc1FwzjW62+xw5S/uaLj6cA=="
    "resolved" "https://registry.npmjs.org/pug-attrs/-/pug-attrs-3.0.0.tgz"
    "version" "3.0.0"
    dependencies:
      "constantinople" "^4.0.1"
      "js-stringify" "^1.0.2"
      "pug-runtime" "^3.0.0"
  
  "pug-code-gen@^3.0.2":
    "integrity" "sha512-nJMhW16MbiGRiyR4miDTQMRWDgKplnHyeLvioEJYbk1RsPI3FuA3saEP8uwnTb2nTJEKBU90NFVWJBk4OU5qyg=="
    "resolved" "https://registry.npmjs.org/pug-code-gen/-/pug-code-gen-3.0.2.tgz"
    "version" "3.0.2"
    dependencies:
      "constantinople" "^4.0.1"
      "doctypes" "^1.1.0"
      "js-stringify" "^1.0.2"
      "pug-attrs" "^3.0.0"
      "pug-error" "^2.0.0"
      "pug-runtime" "^3.0.0"
      "void-elements" "^3.1.0"
      "with" "^7.0.0"
  
  "pug-error@^2.0.0":
    "integrity" "sha512-sjiUsi9M4RAGHktC1drQfCr5C5eriu24Lfbt4s+7SykztEOwVZtbFk1RRq0tzLxcMxMYTBR+zMQaG07J/btayQ=="
    "resolved" "https://registry.npmjs.org/pug-error/-/pug-error-2.0.0.tgz"
    "version" "2.0.0"
  
  "pug-filters@^4.0.0":
    "integrity" "sha512-yeNFtq5Yxmfz0f9z2rMXGw/8/4i1cCFecw/Q7+D0V2DdtII5UvqE12VaZ2AY7ri6o5RNXiweGH79OCq+2RQU4A=="
    "resolved" "https://registry.npmjs.org/pug-filters/-/pug-filters-4.0.0.tgz"
    "version" "4.0.0"
    dependencies:
      "constantinople" "^4.0.1"
      "jstransformer" "1.0.0"
      "pug-error" "^2.0.0"
      "pug-walk" "^2.0.0"
      "resolve" "^1.15.1"
  
  "pug-lexer@^5.0.1":
    "integrity" "sha512-0I6C62+keXlZPZkOJeVam9aBLVP2EnbeDw3An+k0/QlqdwH6rv8284nko14Na7c0TtqtogfWXcRoFE4O4Ff20w=="
    "resolved" "https://registry.npmjs.org/pug-lexer/-/pug-lexer-5.0.1.tgz"
    "version" "5.0.1"
    dependencies:
      "character-parser" "^2.2.0"
      "is-expression" "^4.0.0"
      "pug-error" "^2.0.0"
  
  "pug-linker@^4.0.0":
    "integrity" "sha512-gjD1yzp0yxbQqnzBAdlhbgoJL5qIFJw78juN1NpTLt/mfPJ5VgC4BvkoD3G23qKzJtIIXBbcCt6FioLSFLOHdw=="
    "resolved" "https://registry.npmjs.org/pug-linker/-/pug-linker-4.0.0.tgz"
    "version" "4.0.0"
    dependencies:
      "pug-error" "^2.0.0"
      "pug-walk" "^2.0.0"
  
  "pug-load@^3.0.0":
    "integrity" "sha512-OCjTEnhLWZBvS4zni/WUMjH2YSUosnsmjGBB1An7CsKQarYSWQ0GCVyd4eQPMFJqZ8w9xgs01QdiZXKVjk92EQ=="
    "resolved" "https://registry.npmjs.org/pug-load/-/pug-load-3.0.0.tgz"
    "version" "3.0.0"
    dependencies:
      "object-assign" "^4.1.1"
      "pug-walk" "^2.0.0"
  
  "pug-parser@^6.0.0":
    "integrity" "sha512-ukiYM/9cH6Cml+AOl5kETtM9NR3WulyVP2y4HOU45DyMim1IeP/OOiyEWRr6qk5I5klpsBnbuHpwKmTx6WURnw=="
    "resolved" "https://registry.npmjs.org/pug-parser/-/pug-parser-6.0.0.tgz"
    "version" "6.0.0"
    dependencies:
      "pug-error" "^2.0.0"
      "token-stream" "1.0.0"
  
  "pug-runtime@^3.0.0", "pug-runtime@^3.0.1":
    "integrity" "sha512-L50zbvrQ35TkpHwv0G6aLSuueDRwc/97XdY8kL3tOT0FmhgG7UypU3VztfV/LATAvmUfYi4wNxSajhSAeNN+Kg=="
    "resolved" "https://registry.npmjs.org/pug-runtime/-/pug-runtime-3.0.1.tgz"
    "version" "3.0.1"
  
  "pug-strip-comments@^2.0.0":
    "integrity" "sha512-zo8DsDpH7eTkPHCXFeAk1xZXJbyoTfdPlNR0bK7rpOMuhBYb0f5qUVCO1xlsitYd3w5FQTK7zpNVKb3rZoUrrQ=="
    "resolved" "https://registry.npmjs.org/pug-strip-comments/-/pug-strip-comments-2.0.0.tgz"
    "version" "2.0.0"
    dependencies:
      "pug-error" "^2.0.0"
  
  "pug-walk@^2.0.0":
    "integrity" "sha512-yYELe9Q5q9IQhuvqsZNwA5hfPkMJ8u92bQLIMcsMxf/VADjNtEYptU+inlufAFYcWdHlwNfZOEnOOQrZrcyJCQ=="
    "resolved" "https://registry.npmjs.org/pug-walk/-/pug-walk-2.0.0.tgz"
    "version" "2.0.0"
  
  "pug@^3.0.2":
    "integrity" "sha512-bp0I/hiK1D1vChHh6EfDxtndHji55XP/ZJKwsRqrz6lRia6ZC2OZbdAymlxdVFwd1L70ebrVJw4/eZ79skrIaw=="
    "resolved" "https://registry.npmjs.org/pug/-/pug-3.0.2.tgz"
    "version" "3.0.2"
    dependencies:
      "pug-code-gen" "^3.0.2"
      "pug-filters" "^4.0.0"
      "pug-lexer" "^5.0.1"
      "pug-linker" "^4.0.0"
      "pug-load" "^3.0.0"
      "pug-parser" "^6.0.0"
      "pug-runtime" "^3.0.1"
      "pug-strip-comments" "^2.0.0"
  
  "queue-microtask@^1.2.2":
    "integrity" "sha512-NuaNSa6flKT5JaSYQzJok04JzTL1CA6aGhv5rfLW3PgqA+M2ChpZQnAC8h8i4ZFkBS8X5RqkDBHA7r4hej3K9A=="
    "resolved" "https://registry.npmjs.org/queue-microtask/-/queue-microtask-1.2.3.tgz"
    "version" "1.2.3"
  
  "readdirp@~3.5.0":
    "integrity" "sha512-cMhu7c/8rdhkHXWsY+osBhfSy0JikwpHK/5+imo+LpeasTF8ouErHrlYkwT0++njiyuDvc7OFY5T3ukvZ8qmFQ=="
    "resolved" "https://registry.npmjs.org/readdirp/-/readdirp-3.5.0.tgz"
    "version" "3.5.0"
    dependencies:
      "picomatch" "^2.2.1"
  
  "request-light@^0.5.4":
    "integrity" "sha512-t3566CMweOFlUk7Y1DJMu5OrtpoZEb6aSTsLQVT3wtrIEJ5NhcY9G/Oqxvjllzl4a15zXfFlcr9q40LbLVQJqw=="
    "resolved" "https://registry.npmjs.org/request-light/-/request-light-0.5.4.tgz"
    "version" "0.5.4"
  
  "resolve@^1.15.1", "resolve@^1.20.0":
    "integrity" "sha512-wENBPt4ySzg4ybFQW2TT1zMQucPK95HSh/nq2CFTZVOGut2+pQvSsgtda4d26YrYcr067wjbmzOG8byDPBX63A=="
    "resolved" "https://registry.npmjs.org/resolve/-/resolve-1.20.0.tgz"
    "version" "1.20.0"
    dependencies:
      "is-core-module" "^2.2.0"
      "path-parse" "^1.0.6"
  
  "reusify@^1.0.4":
    "integrity" "sha512-U9nH88a3fc/ekCF1l0/UP1IosiuIjyTh7hBvXVMHYgVcfGvt897Xguj2UOLDeI5BG2m7/uwyaLVT6fbtCwTyzw=="
    "resolved" "https://registry.npmjs.org/reusify/-/reusify-1.0.4.tgz"
    "version" "1.0.4"
  
  "rollup@^2.57.0":
    "integrity" "sha512-NOXpusKnaRpbS7ZVSzcEXqxcLDOagN6iFS8p45RkoiMqPHDLwJm758UF05KlMoCRbLBTZsPOIa887gZJ1AiXvw=="
    "resolved" "https://registry.npmjs.org/rollup/-/rollup-2.58.0.tgz"
    "version" "2.58.0"
    optionalDependencies:
      "fsevents" "~2.3.2"
  
  "run-parallel@^1.1.9":
    "integrity" "sha512-5l4VyZR86LZ/lDxZTR6jqL8AFE2S0IFLMP26AbjsLVADxHdhB/c0GUsH+y39UfCi3dzz8OlQuPmnaJOMoDHQBA=="
    "resolved" "https://registry.npmjs.org/run-parallel/-/run-parallel-1.2.0.tgz"
    "version" "1.2.0"
    dependencies:
      "queue-microtask" "^1.2.2"
  
  "semver@^7.3.5":
    "integrity" "sha512-PoeGJYh8HK4BTO/a9Tf6ZG3veo/A7ZVsYrSA6J8ny9nb3B1VrpkuN+z9OE5wfE5p6H4LchYZsegiQgbJD94ZFQ=="
    "resolved" "https://registry.npmjs.org/semver/-/semver-7.3.5.tgz"
    "version" "7.3.5"
    dependencies:
      "lru-cache" "^6.0.0"
  
  "source-map-js@^0.6.2":
    "integrity" "sha512-/3GptzWzu0+0MBQFrDKzw/DvvMTUORvgY6k6jd/VS6iCR4RDTKWH6v6WPwQoUO8667uQEf9Oe38DxAYWY5F/Ug=="
    "resolved" "https://registry.npmjs.org/source-map-js/-/source-map-js-0.6.2.tgz"
    "version" "0.6.2"
  
  "source-map@^0.6.1":
    "integrity" "sha512-UjgapumWlbMhkBgzT7Ykc5YXUT46F0iKu8SGXq0bcwP5dz/h0Plj6enJqjz1Zbq2l5WaqYnrVbwWOWMyF3F47g=="
    "resolved" "https://registry.npmjs.org/source-map/-/source-map-0.6.1.tgz"
    "version" "0.6.1"
  
  "sourcemap-codec@^1.4.4":
    "integrity" "sha512-9NykojV5Uih4lgo5So5dtw+f0JgJX30KCNI8gwhz2J9A15wD0Ml6tjHKwf6fTSa6fAdVBdZeNOs9eJ71qCk8vA=="
    "resolved" "https://registry.npmjs.org/sourcemap-codec/-/sourcemap-codec-1.4.8.tgz"
    "version" "1.4.8"
  
  "supports-color@^7.1.0":
    "integrity" "sha512-qpCAvRl9stuOHveKsn7HncJRvv501qIacKzQlO/+Lwxc9+0q2wLyv4Dfvt80/DPn2pqOBsJdDiogXGR9+OvwRw=="
    "resolved" "https://registry.npmjs.org/supports-color/-/supports-color-7.2.0.tgz"
    "version" "7.2.0"
    dependencies:
      "has-flag" "^4.0.0"
  
  "to-fast-properties@^2.0.0":
    "integrity" "sha1-3F5pjL0HkmW8c+A3doGk5Og/YW4= sha512-/OaKK0xYrs3DmxRYqL/yDc+FxFUVYhDlXMhRmv3z915w2HF1tnN1omB354j8VUGO/hbRzyD6Y3sA7v7GS/ceog=="
    "resolved" "https://registry.npmjs.org/to-fast-properties/-/to-fast-properties-2.0.0.tgz"
    "version" "2.0.0"
  
  "to-regex-range@^5.0.1":
    "integrity" "sha512-65P7iz6X5yEr1cwcgvQxbbIw7Uk3gOy5dIdtZ4rDveLqhrdJP+Li/Hx6tyK0NEb+2GCyneCMJiGqrADCSNk8sQ=="
    "resolved" "https://registry.npmjs.org/to-regex-range/-/to-regex-range-5.0.1.tgz"
    "version" "5.0.1"
    dependencies:
      "is-number" "^7.0.0"
  
  "token-stream@1.0.0":
    "integrity" "sha1-zCAOqyYT9BZtJ/+a/HylbUnfbrQ= sha512-VSsyNPPW74RpHwR8Fc21uubwHY7wMDeJLys2IX5zJNih+OnAnaifKHo+1LHT7DAdloQ7apeaaWg8l7qnf/TnEg=="
    "resolved" "https://registry.npmjs.org/token-stream/-/token-stream-1.0.0.tgz"
    "version" "1.0.0"
  
  "type@^1.0.1":
    "integrity" "sha512-+5nt5AAniqsCnu2cEQQdpzCAh33kVx8n0VoFidKpB1dVVLAN/F+bgVOqOJqOnEnrhp222clB5p3vUlD+1QAnfg=="
    "resolved" "https://registry.npmjs.org/type/-/type-1.2.0.tgz"
    "version" "1.2.0"
  
  "type@^2.0.0":
    "integrity" "sha512-180WMDQaIMm3+7hGXWf12GtdniDEy7nYcyFMKJn/eZz/6tSLXrUN9V0wKSbMjej0I1WHWbpREDEKHtqPQa9NNw=="
    "resolved" "https://registry.npmjs.org/type/-/type-2.5.0.tgz"
    "version" "2.5.0"
  
  "typedarray-to-buffer@^3.1.5":
    "integrity" "sha512-zdu8XMNEDepKKR+XYOXAVPtWui0ly0NtohUscw+UmaHiAWT8hrV1rr//H6V+0DvJ3OQ19S979M0laLfX8rm82Q=="
    "resolved" "https://registry.npmjs.org/typedarray-to-buffer/-/typedarray-to-buffer-3.1.5.tgz"
    "version" "3.1.5"
    dependencies:
      "is-typedarray" "^1.0.0"
  
  "typescript@*", "typescript@^4.3.2":
    "integrity" "sha512-zZ4hShnmnoVnAHpVHWpTcxdv7dWP60S2FsydQLV8V5PbS3FifjWFFRiHSWpDJahly88PRyV5teTSLoq4eG7mKw=="
    "resolved" "https://registry.npmjs.org/typescript/-/typescript-4.3.2.tgz"
    "version" "4.3.2"
  
  "unique-names-generator@^4.5.0":
    "integrity" "sha512-GaiWvo3rKIHi1SyYP8/9cDrPMPSwEiYDUo2p0NQHeCHDXzLn8P6p8bttSS3lX7HHS3Yl5vnw/ulybO4GN85CgQ=="
    "resolved" "https://registry.npmjs.org/unique-names-generator/-/unique-names-generator-4.5.0.tgz"
    "version" "4.5.0"
  
  "upath@^2.0.1":
    "integrity" "sha512-1uEe95xksV1O0CYKXo8vQvN1JEbtJp7lb7C5U9HMsIp6IVwntkH/oNUzyVNQSd4S1sYk2FpSSW44FqMc8qee5w=="
    "resolved" "https://registry.npmjs.org/upath/-/upath-2.0.1.tgz"
    "version" "2.0.1"
  
  "utf-8-validate@^5.0.2":
    "integrity" "sha512-+pnxRYsS/axEpkrrEpzYfNZGXp0IjC/9RIxwM5gntY4Koi8SHmUGSfxfWqxZdRxrtaoVstuOzUp/rbs3JSPELQ=="
    "resolved" "https://registry.npmjs.org/utf-8-validate/-/utf-8-validate-5.0.5.tgz"
    "version" "5.0.5"
    dependencies:
      "node-gyp-build" "^4.2.0"
  
  "vite-plugin-components@^0.11.1":
    "integrity" "sha512-rApT5gc8hLgIgO4+8xtlt81UD76mUvsTtx44UZViJJGYFr8ofEALlgRn5Fwai1MHbOlWWdOfPMvMa3ooC52COQ=="
    "resolved" "https://registry.npmjs.org/vite-plugin-components/-/vite-plugin-components-0.11.1.tgz"
    "version" "0.11.1"
    dependencies:
      "chokidar" "^3.5.1"
      "debug" "^4.3.2"
      "fast-glob" "^3.2.5"
      "magic-string" "^0.25.7"
      "minimatch" "^3.0.4"
  
  "vite-plugin-icons@^0.6.2":
    "integrity" "sha512-FBaU06VtdXUWVwyxPhyjEfvWDWZh81V1a4KU3jb3gr5ocxN/piefcunrHfqUWvphwF51mi2gWpX9VoIOSj6gIw=="
    "resolved" "https://registry.npmjs.org/vite-plugin-icons/-/vite-plugin-icons-0.6.2.tgz"
    "version" "0.6.2"
    dependencies:
      "@iconify/json-tools" "^1.0.10"
      "vue-template-es2015-compiler" "^1.9.1"
  
  "vite-plugin-windicss@^1.0.3":
    "integrity" "sha512-y9pudcMajdI88PTs49qGftlfAvsLUUhK2Eig+xn5sgxPCbAc3Rj5phXJkRzGDqfmEzGwbpF6JwjmiGmZkm8V+g=="
    "resolved" "https://registry.npmjs.org/vite-plugin-windicss/-/vite-plugin-windicss-1.0.3.tgz"
    "version" "1.0.3"
    dependencies:
      "@windicss/plugin-utils" "1.0.3"
      "chalk" "^4.1.1"
      "debug" "^4.3.2"
      "windicss" "^3.1.3"
  
  "vite@^2.0.0-beta.69", "vite@^2.0.1", "vite@^2.5.10", "vite@^2.6.7":
    "integrity" "sha512-ewk//jve9k6vlU8PfJmWUHN8k0YYdw4VaKOMvoQ3nT2Pb6k5OSMKQi4jPOzVH/TlUqMsCrq7IJ80xcuDDVyigg=="
    "resolved" "https://registry.npmjs.org/vite/-/vite-2.6.7.tgz"
    "version" "2.6.7"
    dependencies:
      "esbuild" "^0.13.2"
      "postcss" "^8.3.8"
      "resolve" "^1.20.0"
      "rollup" "^2.57.0"
    optionalDependencies:
      "fsevents" "~2.3.2"
  
  "void-elements@^3.1.0":
    "integrity" "sha1-YU9/v42AHwu18GYfWy9XhXUOTwk= sha512-Dhxzh5HZuiHQhbvTW9AMetFfBHDMYpo23Uo9btPXgdYP+3T5S+p+jgNy7spra+veYhBP2dCSgxR/i2Y02h5/6w=="
    "resolved" "https://registry.npmjs.org/void-elements/-/void-elements-3.1.0.tgz"
    "version" "3.1.0"
  
  "vscode-css-languageservice@^5.1.7":
    "integrity" "sha512-h4oafcZaGFe2VtbNIlkZDmLEP0GQha3E5Ct2YMH4p/p9xYC8yWDNQ5CD+VF3UnSijKPSKmA+oc4cKjhJBowGKw=="
    "resolved" "https://registry.npmjs.org/vscode-css-languageservice/-/vscode-css-languageservice-5.1.7.tgz"
    "version" "5.1.7"
    dependencies:
      "vscode-languageserver-textdocument" "^1.0.1"
      "vscode-languageserver-types" "^3.16.0"
      "vscode-nls" "^5.0.0"
      "vscode-uri" "^3.0.2"
  
  "vscode-html-languageservice@^4.1.0":
    "integrity" "sha512-QQrEKfpfbeglD8Jcai4fQDQ7vOJrN6LyiOs47Y6qAxnhve+ervw1kP2UCt9ohHe/6teNWJDYTGxLDgs5iAvitw=="
    "resolved" "https://registry.npmjs.org/vscode-html-languageservice/-/vscode-html-languageservice-4.1.0.tgz"
    "version" "4.1.0"
    dependencies:
      "vscode-languageserver-textdocument" "^1.0.1"
      "vscode-languageserver-types" "^3.16.0"
      "vscode-nls" "^5.0.0"
      "vscode-uri" "^3.0.2"
  
  "vscode-json-languageservice@^4.1.8":
    "integrity" "sha512-0vSpg6Xd9hfV+eZAaYN63xVVMOTmJ4GgHxXnkLCh+9RsQBkWKIghzLhW2B9ebfG+LQQg8uLtsQ2aUKjTgE+QOg=="
    "resolved" "https://registry.npmjs.org/vscode-json-languageservice/-/vscode-json-languageservice-4.1.8.tgz"
    "version" "4.1.8"
    dependencies:
      "jsonc-parser" "^3.0.0"
      "vscode-languageserver-textdocument" "^1.0.1"
      "vscode-languageserver-types" "^3.16.0"
      "vscode-nls" "^5.0.0"
      "vscode-uri" "^3.0.2"
  
  "vscode-jsonrpc@^8.0.0-next.2", "vscode-jsonrpc@8.0.0-next.3":
    "integrity" "sha512-2wRiBR5tZAXZ4UxIO4F0cT/zN6OpruoWO0vc7EpQZxVfumb0pYiSegB+PaOzXCuFQzh7YEshW/XMg4zTz3FGVQ=="
    "resolved" "https://registry.npmjs.org/vscode-jsonrpc/-/vscode-jsonrpc-8.0.0-next.3.tgz"
    "version" "8.0.0-next.3"
  
  "vscode-languageserver-protocol@3.17.0-next.9":
    "integrity" "sha512-DGkRmbI1hRBMY6HU6MOyza5AvYp0+HcbMf2qdmI98luyQJ26dOfHY5K38OS4hlTHhdJg9RypTQ/uBbLZehmn1Q=="
    "resolved" "https://registry.npmjs.org/vscode-languageserver-protocol/-/vscode-languageserver-protocol-3.17.0-next.9.tgz"
    "version" "3.17.0-next.9"
    dependencies:
      "vscode-jsonrpc" "8.0.0-next.3"
      "vscode-languageserver-types" "3.17.0-next.4"
  
  "vscode-languageserver-textdocument@^1.0.1":
    "integrity" "sha512-T7uPC18+f8mYE4lbVZwb3OSmvwTZm3cuFhrdx9Bn2l11lmp3SvSuSVjy2JtvrghzjAo4G6Trqny2m9XGnFnWVA=="
    "resolved" "https://registry.npmjs.org/vscode-languageserver-textdocument/-/vscode-languageserver-textdocument-1.0.2.tgz"
    "version" "1.0.2"
  
  "vscode-languageserver-types@^3.15.1", "vscode-languageserver-types@^3.16.0":
    "integrity" "sha512-k8luDIWJWyenLc5ToFQQMaSrqCHiLwyKPHKPQZ5zz21vM+vIVUSvsRpcbiECH4WR88K2XZqc4ScRcZ7nk/jbeA=="
    "resolved" "https://registry.npmjs.org/vscode-languageserver-types/-/vscode-languageserver-types-3.16.0.tgz"
    "version" "3.16.0"
  
  "vscode-languageserver-types@3.17.0-next.4":
    "integrity" "sha512-MraVkZDhfqa3ftnKW9rEDeqsV+ji8OrtEjx6mVjzVGm5U2XXT+mdqDWyQ+y0Gvb2/aa2oJJQyTAaDmRTUKiUbg=="
    "resolved" "https://registry.npmjs.org/vscode-languageserver-types/-/vscode-languageserver-types-3.17.0-next.4.tgz"
    "version" "3.17.0-next.4"
  
  "vscode-languageserver@^8.0.0-next.2":
    "integrity" "sha512-uxL/tKUa/gRdvQINVmMnK32d6LwfTPTvF7l1iZIFDuAdhGrQ+Po+4lS3w4hwQSeUmapM1WMELXNBFca/u3H5Uw=="
    "resolved" "https://registry.npmjs.org/vscode-languageserver/-/vscode-languageserver-8.0.0-next.3.tgz"
    "version" "8.0.0-next.3"
    dependencies:
      "vscode-languageserver-protocol" "3.17.0-next.9"
  
  "vscode-nls@^5.0.0":
    "integrity" "sha512-u0Lw+IYlgbEJFF6/qAqG2d1jQmJl0eyAGJHoAJqr2HT4M2BNuQYSEiSE75f52pXHSJm8AlTjnLLbBFPrdz2hpA=="
    "resolved" "https://registry.npmjs.org/vscode-nls/-/vscode-nls-5.0.0.tgz"
    "version" "5.0.0"
  
  "vscode-pug-languageservice@0.28.6":
    "integrity" "sha512-ucF0V1G2wo1UmWLUG5yFqJvzTXaFA/MxpZ106kWpR6m5CzHWMqU1vcC+W1Ld5GsLQGZaskiwyVGIm/uZk92bag=="
    "resolved" "https://registry.npmjs.org/vscode-pug-languageservice/-/vscode-pug-languageservice-0.28.6.tgz"
    "version" "0.28.6"
    dependencies:
      "@volar/code-gen" "0.28.6"
      "@volar/shared" "0.28.6"
      "@volar/source-map" "0.28.6"
      "@volar/transforms" "0.28.6"
      "pug-lexer" "^5.0.1"
      "pug-parser" "^6.0.0"
      "vscode-languageserver" "^8.0.0-next.2"
  
  "vscode-typescript-languageservice@0.28.6":
    "integrity" "sha512-QvgGcj/luMs20iMzrCQMT3jJ627cc+ohCvIn7YShbtTtIrTb1sbJACKLNJzCmGUMcUruB1R4luLq7CImiCwXBA=="
    "resolved" "https://registry.npmjs.org/vscode-typescript-languageservice/-/vscode-typescript-languageservice-0.28.6.tgz"
    "version" "0.28.6"
    dependencies:
      "@volar/shared" "0.28.6"
      "semver" "^7.3.5"
      "upath" "^2.0.1"
      "vscode-languageserver" "^8.0.0-next.2"
      "vscode-languageserver-textdocument" "^1.0.1"
  
  "vscode-uri@^2.1.2":
    "integrity" "sha512-8TEXQxlldWAuIODdukIb+TR5s+9Ds40eSJrw+1iDDA9IFORPjMELarNQE3myz5XIkWWpdprmJjm1/SxMlWOC8A=="
    "resolved" "https://registry.npmjs.org/vscode-uri/-/vscode-uri-2.1.2.tgz"
    "version" "2.1.2"
  
  "vscode-uri@^3.0.2":
    "integrity" "sha512-jkjy6pjU1fxUvI51P+gCsxg1u2n8LSt0W6KrCNQceaziKzff74GoWmjVG46KieVzybO1sttPQmYfrwSHey7GUA=="
    "resolved" "https://registry.npmjs.org/vscode-uri/-/vscode-uri-3.0.2.tgz"
    "version" "3.0.2"
  
  "vscode-vue-languageservice@0.28.6":
    "integrity" "sha512-iN+ybep9nz3PioIZFU3S0+RMFCJD/jmcz0lIhmVkSwEDGL5TiJrwQ2zthGMbgVjAMw+odXWGFn561nGtApmp/g=="
    "resolved" "https://registry.npmjs.org/vscode-vue-languageservice/-/vscode-vue-languageservice-0.28.6.tgz"
    "version" "0.28.6"
    dependencies:
      "@volar/code-gen" "0.28.6"
      "@volar/html2pug" "0.28.6"
      "@volar/shared" "0.28.6"
      "@volar/source-map" "0.28.6"
      "@volar/transforms" "0.28.6"
      "@vscode/emmet-helper" "^2.8.0"
      "@vue/compiler-dom" "^3.2.20"
      "@vue/reactivity" "^3.2.20"
      "@vue/shared" "^3.2.20"
      "request-light" "^0.5.4"
      "upath" "^2.0.1"
      "vscode-css-languageservice" "^5.1.7"
      "vscode-html-languageservice" "^4.1.0"
      "vscode-json-languageservice" "^4.1.8"
      "vscode-languageserver" "^8.0.0-next.2"
      "vscode-languageserver-textdocument" "^1.0.1"
      "vscode-pug-languageservice" "0.28.6"
      "vscode-typescript-languageservice" "0.28.6"
  
  "vue-demi@*":
    "integrity" "sha512-7s1lufRD2l369eFWPjgLvhqCRk0XzGWJsQc7K4q+0mZtixyGIvsK1Cg88P4NcaRIEiBuuN4q1NN4SZKFKwQswA=="
    "resolved" "https://registry.npmjs.org/vue-demi/-/vue-demi-0.9.1.tgz"
    "version" "0.9.1"
  
  "vue-template-es2015-compiler@^1.9.1":
    "integrity" "sha512-4gDntzrifFnCEvyoO8PqyJDmguXgVPxKiIxrBKjIowvL9l+N66196+72XVYR8BBf1Uv1Fgt3bGevJ+sEmxfZzw=="
    "resolved" "https://registry.npmjs.org/vue-template-es2015-compiler/-/vue-template-es2015-compiler-1.9.1.tgz"
    "version" "1.9.1"
  
  "vue-tsc@^0.28.6":
    "integrity" "sha512-S0CpSlDD8Y54GAidg0T+1xCiv8uLZCaXQgL+dfp7NlB+1IWftZ3gwr59e/yjMZx41GZet/wlWHTRxNIO0on22A=="
    "resolved" "https://registry.npmjs.org/vue-tsc/-/vue-tsc-0.28.6.tgz"
    "version" "0.28.6"
    dependencies:
      "vscode-vue-languageservice" "0.28.6"
  
  "vue@^2.6.0 || ^3.2.0", "vue@^2.6.0 || >=3.0.0-rc.1", "vue@^3.2.20", "vue@3.2.20":
    "integrity" "sha512-81JjEP4OGk9oO8+CU0h2nFPGgJBm9mNa3kdCX2k6FuRdrWrC+CNe+tOnuIeTg8EWwQuI+wwdra5Q7vSzp7p4Iw=="
    "resolved" "https://registry.npmjs.org/vue/-/vue-3.2.20.tgz"
    "version" "3.2.20"
    dependencies:
      "@vue/compiler-dom" "3.2.20"
      "@vue/compiler-sfc" "3.2.20"
      "@vue/runtime-dom" "3.2.20"
      "@vue/server-renderer" "3.2.20"
      "@vue/shared" "3.2.20"
  
  "websocket@^1.0.34":
    "integrity" "sha512-PRDso2sGwF6kM75QykIesBijKSVceR6jL2G8NGYyq2XrItNC2P5/qL5XeR056GhA+Ly7JMFvJb9I312mJfmqnQ=="
    "resolved" "https://registry.npmjs.org/websocket/-/websocket-1.0.34.tgz"
    "version" "1.0.34"
    dependencies:
      "bufferutil" "^4.0.1"
      "debug" "^2.2.0"
      "es5-ext" "^0.10.50"
      "typedarray-to-buffer" "^3.1.5"
      "utf-8-validate" "^5.0.2"
      "yaeti" "^0.0.6"
  
  "windicss@^3.1.3", "windicss@^3.1.9":
    "integrity" "sha512-5YoKvXeCQXIdwc91BoOgpKbIImr2JS8I14rPMa/5dKDDPA4ot3NgICWKELkml39R/8rn4Q0BVUUTqN+w+hjDSA=="
    "resolved" "https://registry.npmjs.org/windicss/-/windicss-3.1.9.tgz"
    "version" "3.1.9"
  
  "with@^7.0.0":
    "integrity" "sha512-RNGKj82nUPg3g5ygxkQl0R937xLyho1J24ItRCBTr/m1YnZkzJy1hUiHUJrc/VlsDQzsCnInEGSg3bci0Lmd4w=="
    "resolved" "https://registry.npmjs.org/with/-/with-7.0.2.tgz"
    "version" "7.0.2"
    dependencies:
      "@babel/parser" "^7.9.6"
      "@babel/types" "^7.9.6"
      "assert-never" "^1.2.1"
      "babel-walk" "3.0.0-canary-5"
  
  "yaeti@^0.0.6":
    "integrity" "sha1-8m9ITXJoTPQr7ft2lwqhYI+/lXc= sha512-MvQa//+KcZCUkBTIC9blM+CU9J2GzuTytsOUwf2lidtvkx/6gnEp1QvJv34t9vdjhFmha/mUiNDbN0D0mJWdug=="
    "resolved" "https://registry.npmjs.org/yaeti/-/yaeti-0.0.6.tgz"
    "version" "0.0.6"
  
  "yallist@^4.0.0":
    "integrity" "sha512-3wdGidZyq5PB084XLES5TpOSRA3wjXAlIWMhum2kRcv/41Sn2emQ0dycQW4uZXLejwKvg6EsvbdlVL+FYEct7A=="
    "resolved" "https://registry.npmjs.org/yallist/-/yallist-4.0.0.tgz"
    "version" "4.0.0"
